<?xml version="1.0" encoding="UTF-8"?>
<!-- Generated by org.testng.reporters.JUnitReportReporter -->
<testsuite hostname="LIN-1LZP6Q3" failures="0" tests="1" name="LambdaTest.DemoF" time="24.227" errors="0" timestamp="2025-09-18T11:58:56 IST" skipped="0">
  <testcase classname="LambdaTest.DemoF" name="test1" time="24.227"/>
</testsuite> <!-- LambdaTest.DemoF -->
